<?xml version="1.0" encoding="UTF-8"?>
<testng-results skipped="0" failed="0" ignored="0" total="1" passed="1">
  <reporter-output>
  </reporter-output>
  <suite name="Suite1" duration-ms="25496" started-at="2021-02-25T05:16:16Z" finished-at="2021-02-25T05:16:42Z">
    <groups>
    </groups>
    <test name="Smoke testcases" duration-ms="25496" started-at="2021-02-25T05:16:16Z" finished-at="2021-02-25T05:16:42Z">
      <class name="com.testcases.TC_01_SigninValidation">
        <test-method status="PASS" signature="beforesuite()[pri:0, instance:com.testcases.TC_01_SigninValidation@3deb2326]" name="beforesuite" is-config="true" duration-ms="101" started-at="2021-02-25T10:46:16Z" finished-at="2021-02-25T10:46:16Z">
          <reporter-output>
          </reporter-output>
        </test-method> <!-- beforesuite -->
        <test-method status="PASS" signature="beforeTest()[pri:0, instance:com.testcases.TC_01_SigninValidation@3deb2326]" name="beforeTest" is-config="true" duration-ms="1" started-at="2021-02-25T10:46:16Z" finished-at="2021-02-25T10:46:16Z">
          <reporter-output>
          </reporter-output>
        </test-method> <!-- beforeTest -->
        <test-method status="PASS" signature="beforeMethod()[pri:0, instance:com.testcases.TC_01_SigninValidation@3deb2326]" name="beforeMethod" is-config="true" duration-ms="114" started-at="2021-02-25T10:46:16Z" finished-at="2021-02-25T10:46:16Z">
          <reporter-output>
          </reporter-output>
        </test-method> <!-- beforeMethod -->
        <test-method status="PASS" signature="signInValidation()[pri:0, instance:com.testcases.TC_01_SigninValidation@3deb2326]" name="signInValidation" duration-ms="25344" started-at="2021-02-25T10:46:16Z" finished-at="2021-02-25T10:46:42Z">
          <reporter-output>
          </reporter-output>
        </test-method> <!-- signInValidation -->
        <test-method status="PASS" signature="afterMethod()[pri:0, instance:com.testcases.TC_01_SigninValidation@3deb2326]" name="afterMethod" is-config="true" duration-ms="2" started-at="2021-02-25T10:46:42Z" finished-at="2021-02-25T10:46:42Z">
          <reporter-output>
          </reporter-output>
        </test-method> <!-- afterMethod -->
        <test-method status="PASS" signature="afterTest()[pri:0, instance:com.testcases.TC_01_SigninValidation@3deb2326]" name="afterTest" is-config="true" duration-ms="0" started-at="2021-02-25T10:46:42Z" finished-at="2021-02-25T10:46:42Z">
          <reporter-output>
          </reporter-output>
        </test-method> <!-- afterTest -->
        <test-method status="PASS" signature="afterSuite()[pri:0, instance:com.testcases.TC_01_SigninValidation@3deb2326]" name="afterSuite" is-config="true" duration-ms="1" started-at="2021-02-25T10:46:47Z" finished-at="2021-02-25T10:46:47Z">
          <reporter-output>
          </reporter-output>
        </test-method> <!-- afterSuite -->
      </class> <!-- com.testcases.TC_01_SigninValidation -->
    </test> <!-- Smoke testcases -->
  </suite> <!-- Suite1 -->
</testng-results>
